<?xml version="1.0" encoding="UTF-8" ?>
<testsuite tests="3" failures="2" name="projet.secours.dev.codenmore.tilegame.gfx.GameCameraTest" time="0.016" errors="1" skipped="0">
  <properties>
[...]
</properties>
  <testcase classname="projet.secours.dev.codenmore.tilegame.gfx.GameCameraTest" name="testCheckBlankSpace" time="0.016">
    <error type="java.lang.NullPointerException">java.lang.NullPointerException
	at projet.secours.dev.codenmore.tilegame.gfx.GameCamera.checkBlankSpace(GameCamera.java:29)
	at projet.secours.dev.codenmore.tilegame.gfx.GameCameraTest.testCheckBlankSpace(GameCameraTest.java:36)
</error>
  </testcase>
  <testcase classname="projet.secours.dev.codenmore.tilegame.gfx.GameCameraTest" name="testGetxOffset" time="0">
    <failure message="expected:&lt;5&gt; but was:&lt;5.0&gt;" type="junit.framework.AssertionFailedError">junit.framework.AssertionFailedError: expected:&lt;5&gt; but was:&lt;5.0&gt;
	at junit.framework.Assert.fail(Assert.java:47)
	at junit.framework.Assert.failNotEquals(Assert.java:282)
	at junit.framework.Assert.assertEquals(Assert.java:64)
	at junit.framework.Assert.assertEquals(Assert.java:71)
	at projet.secours.dev.codenmore.tilegame.gfx.GameCameraTest.testGetxOffset(GameCameraTest.java:52)
</failure>
  </testcase>
  <testcase classname="projet.secours.dev.codenmore.tilegame.gfx.GameCameraTest" name="testGetyOffset" time="0">
    <failure message="expected:&lt;2&gt; but was:&lt;2.0&gt;" type="junit.framework.AssertionFailedError">junit.framework.AssertionFailedError: expected:&lt;2&gt; but was:&lt;2.0&gt;
	at junit.framework.Assert.fail(Assert.java:47)
	at junit.framework.Assert.failNotEquals(Assert.java:282)
	at junit.framework.Assert.assertEquals(Assert.java:64)
	at junit.framework.Assert.assertEquals(Assert.java:71)
	at projet.secours.dev.codenmore.tilegame.gfx.GameCameraTest.testGetyOffset(GameCameraTest.java:66)
</failure>
  </testcase>
</testsuite>